<?xml version="1.0" encoding="UTF-8"?>
<!-- Generated by org.testng.reporters.JUnitReportReporter -->
<testsuite skipped="0" hostname="LP-TECH-4DSB" name="com.smart.AbacusIntegTest.GetToken.TC003_SendCategory" tests="2" failures="0" timestamp="15 Jul 2019 18:42:52 GMT" time="3.073" errors="0">
  <testcase name="sendSchemetoSmart" time="2.704" classname="com.smart.AbacusIntegTest.GetToken.TC003_SendCategory"/>
  <testcase name="sendSchemetoSmart" time="0.369" classname="com.smart.AbacusIntegTest.GetToken.TC003_SendCategory"/>
</testsuite> <!-- com.smart.AbacusIntegTest.GetToken.TC003_SendCategory -->
