<?xml version="1.0" encoding="UTF-8"?>
<!-- Generated by org.testng.reporters.JUnitReportReporter -->
<testsuite skipped="0" hostname="LP-TECH-4DSB" name="com.smart.AbacusIntegTest.GetToken.TC001_GetToken" tests="4" failures="0" timestamp="18 Jul 2019 14:06:08 GMT" time="0.897" errors="0">
  <testcase name="successMessage" time="0.062" classname="com.smart.AbacusIntegTest.GetToken.TC001_GetToken"/>
  <testcase name="checkResponseBody" time="0.076" classname="com.smart.AbacusIntegTest.GetToken.TC001_GetToken"/>
  <testcase name="checkTokenType" time="0.754" classname="com.smart.AbacusIntegTest.GetToken.TC001_GetToken"/>
  <testcase name="checkStatusCode" time="0.005" classname="com.smart.AbacusIntegTest.GetToken.TC001_GetToken"/>
</testsuite> <!-- com.smart.AbacusIntegTest.GetToken.TC001_GetToken -->
