<?xml version="1.0" encoding="UTF-8"?>
<!-- Generated by org.testng.reporters.JUnitReportReporter -->
<testsuite skipped="0" hostname="LP-TECH-4DSB" name="com.smart.AbacusIntegTest.GetToken.TC007_SchemeActivation" tests="1" failures="0" timestamp="18 Jul 2019 14:07:00 GMT" time="2.957" errors="0">
  <testcase name="ActivateScheme_on_Smart" time="2.957" classname="com.smart.AbacusIntegTest.GetToken.TC007_SchemeActivation"/>
</testsuite> <!-- com.smart.AbacusIntegTest.GetToken.TC007_SchemeActivation -->
