<?xml version="1.0" encoding="UTF-8"?>
<!-- Generated by org.testng.reporters.JUnitReportReporter -->
<testsuite skipped="0" hostname="LP-TECH-4DSB" name="com.smart.AbacusIntegTest.GetToken.TC006_SchemeDeactivation" tests="1" failures="0" timestamp="18 Jul 2019 13:57:35 GMT" time="2.822" errors="0">
  <testcase name="deactivateScheme_on_Smart" time="2.822" classname="com.smart.AbacusIntegTest.GetToken.TC006_SchemeDeactivation"/>
</testsuite> <!-- com.smart.AbacusIntegTest.GetToken.TC006_SchemeDeactivation -->
