<?xml version="1.0" encoding="UTF-8"?>
<!-- Generated by org.testng.reporters.JUnitReportReporter -->
<testsuite skipped="0" hostname="LP-TECH-4DSB" name="com.smart.AbacusIntegTest.GetToken.TC002_SendSecheme" tests="4" failures="0" timestamp="15 Jul 2019 17:49:12 GMT" time="12.522" errors="0">
  <testcase name="sendSchemetoSmart" time="4.626" classname="com.smart.AbacusIntegTest.GetToken.TC002_SendSecheme"/>
  <testcase name="sendSchemetoSmart" time="3.002" classname="com.smart.AbacusIntegTest.GetToken.TC002_SendSecheme"/>
  <testcase name="sendSchemetoSmart" time="2.364" classname="com.smart.AbacusIntegTest.GetToken.TC002_SendSecheme"/>
  <testcase name="sendSchemetoSmart" time="2.530" classname="com.smart.AbacusIntegTest.GetToken.TC002_SendSecheme"/>
</testsuite> <!-- com.smart.AbacusIntegTest.GetToken.TC002_SendSecheme -->
