<?xml version="1.0" encoding="UTF-8"?>
<!-- Generated by org.testng.reporters.JUnitReportReporter -->
<testsuite skipped="0" hostname="LP-TECH-4DSB" name="com.smart.AbacusIntegTest.GetToken.TC005_SendMembers" tests="10" failures="0" timestamp="18 Jul 2019 10:54:55 GMT" time="11.860" errors="0">
  <testcase name="sendMembers_2_Smart" time="0.392" classname="com.smart.AbacusIntegTest.GetToken.TC005_SendMembers"/>
  <testcase name="sendMembers_2_Smart" time="0.336" classname="com.smart.AbacusIntegTest.GetToken.TC005_SendMembers"/>
  <testcase name="sendMembers_2_Smart" time="0.247" classname="com.smart.AbacusIntegTest.GetToken.TC005_SendMembers"/>
  <testcase name="sendMembers_2_Smart" time="0.278" classname="com.smart.AbacusIntegTest.GetToken.TC005_SendMembers"/>
  <testcase name="sendMembers_2_Smart" time="0.279" classname="com.smart.AbacusIntegTest.GetToken.TC005_SendMembers"/>
  <testcase name="sendMembers_2_Smart" time="0.353" classname="com.smart.AbacusIntegTest.GetToken.TC005_SendMembers"/>
  <testcase name="sendMembers_2_Smart" time="8.696" classname="com.smart.AbacusIntegTest.GetToken.TC005_SendMembers"/>
  <testcase name="sendMembers_2_Smart" time="0.330" classname="com.smart.AbacusIntegTest.GetToken.TC005_SendMembers"/>
  <testcase name="sendMembers_2_Smart" time="0.386" classname="com.smart.AbacusIntegTest.GetToken.TC005_SendMembers"/>
  <testcase name="sendMembers_2_Smart" time="0.563" classname="com.smart.AbacusIntegTest.GetToken.TC005_SendMembers"/>
</testsuite> <!-- com.smart.AbacusIntegTest.GetToken.TC005_SendMembers -->
